Arguments: 
  /usr/local/bin/node /usr/local/Cellar/yarn/1.22.10/libexec/bin/yarn.js pug-watch

PATH: 
  /opt/anaconda3/bin:/opt/anaconda3/condabin:/Users/David/.pyenv/shims:/Library/Frameworks/Python.framework/Versions/3.8/bin:/usr/local/bin:/usr/bin:/bin:/usr/sbin:/sbin:/usr/local/share/dotnet:/opt/X11/bin:~/.dotnet/tools:/Library/PostgreSQL/12/bin

Yarn version: 
  1.22.10

Node version: 
  12.13.0

Platform: 
  darwin x64

Trace: 
  SyntaxError: /Users/David/Documents/GitHub/front_end/side-projects/sassTest/Twitter-Clone/package.json: Unexpected token } in JSON at position 446
      at JSON.parse (<anonymous>)
      at /usr/local/Cellar/yarn/1.22.10/libexec/lib/cli.js:1625:59
      at Generator.next (<anonymous>)
      at step (/usr/local/Cellar/yarn/1.22.10/libexec/lib/cli.js:310:30)
      at /usr/local/Cellar/yarn/1.22.10/libexec/lib/cli.js:321:13

npm manifest: 
  {
      "name": "side-projects",
      "version": "1.0.0",
      "description": "",
      "main": "index.js",
      "scripts": {
          "ts-watch": "tsc -w",
          "sass-watch": "sass --no-source-map --watch src:dist",
          "pug-watch": "pug -w ./src/pug/final -o ./dist/ -P",
          "dev": "nodemon dist/index.js",
          "start": "node dist/index.js",
          "start2": "ts-node src/index.ts",
          "dev2": "nodemon ts-node src/index.ts",
      },
      "keywords": [],
      "author": "",
      "license": "ISC",
      "devDependencies": {
          "@types/express": "^4.17.8",
          "@types/node": "^14.11.8",
          "nodemon": "^2.0.5",
          "sass": "^1.27.0",
          "typescript": "^4.0.3"
      }
  }

yarn manifest: 
  No manifest

Lockfile: 
  No lockfile
